<?xml version="1.0" encoding="UTF-8"?>
<!-- Generated by org.testng.reporters.JUnitXMLReporter -->
<testsuite ignored="0" hostname="IN3315236W2" failures="1" tests="4" name="Regression Tests" time="120.137" errors="0" timestamp="2024-01-01T19:17:43 IST">
  <testcase classname="io.cucumber.testng.AbstractTestNGCucumberTests" name="runScenario" time="20.767"/>
  <testcase classname="io.cucumber.testng.AbstractTestNGCucumberTests" name="runScenario" time="34.505"/>
  <testcase classname="io.cucumber.testng.AbstractTestNGCucumberTests" name="runScenario" time="38.946"/>
  <testcase classname="io.cucumber.testng.AbstractTestNGCucumberTests" name="runScenario" time="25.198">
    <failure type="java.lang.AssertionError" message="The following asserts failed:
	Failed Search Btn Text Validation expected [SEARCH] but found [Serch]">
      <![CDATA[java.lang.AssertionError: The following asserts failed:
Failed Search Btn Text Validation expected [SEARCH] but found [Serch]
at org.example.Assig2_Base.browserQuit(Assig2_Base.java:147)
at com.example.StepDefinitions.Assig2_Negative.userClosedTheApplication(Assig2_Negative.java:27)
at âœ½.User closed the application(file:///C:/Users/TF265PL/OneDrive%20-%20EY/Documents/BCM_Java/TejasBDD/src/test/resources/features/Assignment2.feature:31)
... Removed 2 stack frames]]>
    </failure>
  </testcase> <!-- runScenario -->
</testsuite> <!-- Regression Tests -->
