<?xml version="1.0" encoding="UTF-8"?>
<testng-results ignored="0" total="4" passed="3" failed="1" skipped="0">
  <reporter-output>
  </reporter-output>
  <suite started-at="2024-01-01T19:15:43 IST" name="Test Suite" finished-at="2024-01-01T19:17:43 IST" duration-ms="120137">
    <groups>
      <group name="cucumber">
        <method signature="AbstractTestNGCucumberTests.runScenario(io.cucumber.testng.PickleWrapper,io.cucumber.testng.FeatureWrapper)[pri:0, instance:com.example.TestRunner@55740540]" name="runScenario" class="io.cucumber.testng.AbstractTestNGCucumberTests"/>
      </group> <!-- cucumber -->
    </groups>
    <test started-at="2024-01-01T19:15:43 IST" name="Regression Tests" finished-at="2024-01-01T19:17:43 IST" duration-ms="120137">
      <class name="com.example.TestRunner">
        <test-method is-config="true" signature="setUpClass(org.testng.ITestContext)[pri:0, instance:com.example.TestRunner@55740540]" started-at="2024-01-01T19:15:43 IST" name="setUpClass" finished-at="2024-01-01T19:15:43 IST" duration-ms="599" status="PASS">
          <params>
            <param index="0">
              <value>
                <![CDATA[org.testng.TestRunner@6b42e36d]]>
              </value>
            </param>
          </params>
          <reporter-output>
          </reporter-output>
        </test-method> <!-- setUpClass -->
        <test-method signature="runScenario(io.cucumber.testng.PickleWrapper,io.cucumber.testng.FeatureWrapper)[pri:0, instance:com.example.TestRunner@55740540]" started-at="2024-01-01T19:15:43 IST" name="runScenario" description="Runs Cucumber Scenarios" data-provider="scenarios" finished-at="2024-01-01T19:16:04 IST" duration-ms="20767" status="PASS">
          <params>
            <param index="0">
              <value>
                <![CDATA["Validate headers, footers and website name"]]>
              </value>
            </param>
            <param index="1">
              <value>
                <![CDATA["Assignment2"]]>
              </value>
            </param>
          </params>
          <reporter-output>
          </reporter-output>
        </test-method> <!-- runScenario -->
        <test-method signature="runScenario(io.cucumber.testng.PickleWrapper,io.cucumber.testng.FeatureWrapper)[pri:0, instance:com.example.TestRunner@55740540]" started-at="2024-01-01T19:16:04 IST" name="runScenario" description="Runs Cucumber Scenarios" data-provider="scenarios" finished-at="2024-01-01T19:16:39 IST" duration-ms="34505" status="PASS">
          <params>
            <param index="0">
              <value>
                <![CDATA["Login page Validation"]]>
              </value>
            </param>
            <param index="1">
              <value>
                <![CDATA["Assignment2"]]>
              </value>
            </param>
          </params>
          <reporter-output>
          </reporter-output>
        </test-method> <!-- runScenario -->
        <test-method signature="runScenario(io.cucumber.testng.PickleWrapper,io.cucumber.testng.FeatureWrapper)[pri:0, instance:com.example.TestRunner@55740540]" started-at="2024-01-01T19:16:39 IST" name="runScenario" description="Runs Cucumber Scenarios" data-provider="scenarios" finished-at="2024-01-01T19:17:18 IST" duration-ms="38946" status="PASS">
          <params>
            <param index="0">
              <value>
                <![CDATA["Hotel Booking"]]>
              </value>
            </param>
            <param index="1">
              <value>
                <![CDATA["Assignment2"]]>
              </value>
            </param>
          </params>
          <reporter-output>
          </reporter-output>
        </test-method> <!-- runScenario -->
        <test-method signature="runScenario(io.cucumber.testng.PickleWrapper,io.cucumber.testng.FeatureWrapper)[pri:0, instance:com.example.TestRunner@55740540]" started-at="2024-01-01T19:17:18 IST" name="runScenario" description="Runs Cucumber Scenarios" data-provider="scenarios" finished-at="2024-01-01T19:17:43 IST" duration-ms="25198" status="FAIL">
          <params>
            <param index="0">
              <value>
                <![CDATA["Search Button Text validation (Negative scenario)"]]>
              </value>
            </param>
            <param index="1">
              <value>
                <![CDATA["Assignment2"]]>
              </value>
            </param>
          </params>
          <exception class="java.lang.AssertionError">
            <message>
              <![CDATA[The following asserts failed:
Failed Search Btn Text Validation expected [SEARCH] but found [Serch]]]>
            </message>
            <full-stacktrace>
              <![CDATA[java.lang.AssertionError: The following asserts failed:
Failed Search Btn Text Validation expected [SEARCH] but found [Serch]
at org.testng.asserts.SoftAssert.assertAll(SoftAssert.java:46)
at org.testng.asserts.SoftAssert.assertAll(SoftAssert.java:30)
at org.example.Assig2_Base.browserQuit(Assig2_Base.java:147)
at com.example.StepDefinitions.Assig2_Negative.userClosedTheApplication(Assig2_Negative.java:27)
at âœ½.User closed the application(file:///C:/Users/TF265PL/OneDrive%20-%20EY/Documents/BCM_Java/TejasBDD/src/test/resources/features/Assignment2.feature:31)
]]>
            </full-stacktrace>
          </exception> <!-- java.lang.AssertionError -->
          <reporter-output>
          </reporter-output>
        </test-method> <!-- runScenario -->
        <test-method is-config="true" signature="tearDownClass()[pri:0, instance:com.example.TestRunner@55740540]" started-at="2024-01-01T19:17:43 IST" name="tearDownClass" finished-at="2024-01-01T19:17:43 IST" duration-ms="74" status="PASS">
          <reporter-output>
          </reporter-output>
        </test-method> <!-- tearDownClass -->
      </class> <!-- com.example.TestRunner -->
    </test> <!-- Regression Tests -->
  </suite> <!-- Test Suite -->
</testng-results>
